<?xml version="1.0" encoding="UTF-8"?>
<!-- Generated by org.testng.reporters.JUnitXMLReporter -->
<testsuite ignored="2" hostname="DESKTOP-9ON4P11" failures="0" tests="6" name="TestRunner-Firefox" time="243.974" errors="0" timestamp="2025-02-19T14:49:58 IST">
  <testcase classname="com_comcast_crm_basetest.BaseClass" name="@BeforeMethod configbeforemethod" time="0.041">
    <failure type="java.lang.NullPointerException" message="Cannot invoke &amp;quot;org.openqa.selenium.WebDriver.manage()&amp;quot; because &amp;quot;driver&amp;quot; is null">
      <![CDATA[java.lang.NullPointerException: Cannot invoke "org.openqa.selenium.WebDriver.manage()" because "driver" is null
at com_comcast_generic_webdriverUtility.WebdriverUtility.waitForPageToLoad(WebdriverUtility.java:17)
at com_comcast_generic_ObjectRepositoryUtility.LoginPage.loginToapp(LoginPage.java:48)
at com_comcast_crm_basetest.BaseClass.configbeforemethod(BaseClass.java:66)
at java.base/java.util.ArrayList.forEach(ArrayList.java:1597)
at java.base/java.util.concurrent.FutureTask.run(FutureTask.java:317)
at java.base/java.util.concurrent.ThreadPoolExecutor.runWorker(ThreadPoolExecutor.java:1144)
at java.base/java.util.concurrent.ThreadPoolExecutor$Worker.run(ThreadPoolExecutor.java:642)
at java.base/java.lang.Thread.run(Thread.java:1570)
... Removed 19 stack frames]]>
    </failure>
  </testcase> <!-- @BeforeMethod configbeforemethod -->
  <testcase classname="com_comcast_crm_basetest.BaseClass" name="@AfterMethod configaftermethod" time="0.0">
    <skipped/>
  </testcase> <!-- @AfterMethod configaftermethod -->
  <testcase classname="com_comcast_crm_basetest.BaseClass" name="@BeforeMethod configbeforemethod" time="0.0">
    <skipped/>
  </testcase> <!-- @BeforeMethod configbeforemethod -->
  <testcase classname="com_comcast_crm_basetest.BaseClass" name="@AfterMethod configaftermethod" time="0.0">
    <skipped/>
  </testcase> <!-- @AfterMethod configaftermethod -->
  <testcase classname="com_comcast_crm_basetest.BaseClass" name="@BeforeMethod configbeforemethod" time="0.0">
    <skipped/>
  </testcase> <!-- @BeforeMethod configbeforemethod -->
  <testcase classname="com_comcast_crm_basetest.BaseClass" name="@AfterMethod configaftermethod" time="0.0">
    <skipped/>
  </testcase> <!-- @AfterMethod configaftermethod -->
  <testcase classname="com_comcast_crm_basetest.BaseClass" name="@AfterClass configafterclass" time="0.0">
    <skipped/>
  </testcase> <!-- @AfterClass configafterclass -->
  <testcase classname="com_comcast_crm_basetest.BaseClass" name="@BeforeMethod configbeforemethod" time="0.005">
    <failure type="java.lang.NullPointerException" message="Cannot invoke &amp;quot;org.openqa.selenium.WebDriver.manage()&amp;quot; because &amp;quot;driver&amp;quot; is null">
      <![CDATA[java.lang.NullPointerException: Cannot invoke "org.openqa.selenium.WebDriver.manage()" because "driver" is null
at com_comcast_generic_webdriverUtility.WebdriverUtility.waitForPageToLoad(WebdriverUtility.java:17)
at com_comcast_generic_ObjectRepositoryUtility.LoginPage.loginToapp(LoginPage.java:48)
at com_comcast_crm_basetest.BaseClass.configbeforemethod(BaseClass.java:66)
at java.base/java.util.ArrayList.forEach(ArrayList.java:1597)
at java.base/java.util.concurrent.FutureTask.run(FutureTask.java:317)
at java.base/java.util.concurrent.ThreadPoolExecutor.runWorker(ThreadPoolExecutor.java:1144)
at java.base/java.util.concurrent.ThreadPoolExecutor$Worker.run(ThreadPoolExecutor.java:642)
at java.base/java.lang.Thread.run(Thread.java:1570)
... Removed 19 stack frames]]>
    </failure>
  </testcase> <!-- @BeforeMethod configbeforemethod -->
  <testcase classname="com_comcast_crm_basetest.BaseClass" name="@AfterMethod configaftermethod" time="0.0">
    <skipped/>
  </testcase> <!-- @AfterMethod configaftermethod -->
  <testcase classname="com_comcast_crm_basetest.BaseClass" name="@BeforeMethod configbeforemethod" time="0.0">
    <skipped/>
  </testcase> <!-- @BeforeMethod configbeforemethod -->
  <testcase classname="com_comcast_crm_basetest.BaseClass" name="@AfterMethod configaftermethod" time="0.0">
    <skipped/>
  </testcase> <!-- @AfterMethod configaftermethod -->
  <testcase classname="com_comcast_crm_basetest.BaseClass" name="@BeforeMethod configbeforemethod" time="0.0">
    <skipped/>
  </testcase> <!-- @BeforeMethod configbeforemethod -->
  <testcase classname="com_comcast_crm_basetest.BaseClass" name="@AfterMethod configaftermethod" time="0.0">
    <skipped/>
  </testcase> <!-- @AfterMethod configaftermethod -->
  <testcase classname="com_comcast_crm_basetest.BaseClass" name="@AfterClass configafterclass" time="0.0">
    <skipped/>
  </testcase> <!-- @AfterClass configafterclass -->
  <testcase classname="com_comcast_crm_basetest.BaseClass" name="@AfterMethod configaftermethod" time="0.084">
    <failure type="org.openqa.selenium.JavascriptException" message="Cyclic object value
Build info: version: &amp;apos;4.28.1&amp;apos;, revision: &amp;apos;73f5ad48a2&amp;apos;
System info: os.name: &amp;apos;Windows 11&amp;apos;, os.arch: &amp;apos;amd64&amp;apos;, os.version: &amp;apos;10.0&amp;apos;, java.version: &amp;apos;22.0.2&amp;apos;
Driver info: org.openqa.selenium.firefox.FirefoxDriver
Command: [4bcf3844-98c0-45f1-aa73-b71a7db216c8, actions {actions=[org.openqa.selenium.interactions.Sequence@4f358c8c]}]
Capabilities {acceptInsecureCerts: true, browserName: firefox, browserVersion: 135.0.1, moz:accessibilityChecks: false, moz:buildID: 20250216192613, moz:debuggerAddress: 127.0.0.1:28382, moz:geckodriverVersion: 0.35.0, moz:headless: false, moz:platformVersion: 10.0, moz:processID: 34172, moz:profile: C:\Users\pugazh\AppData\Loc..., moz:shutdownTimeout: 60000, moz:webdriverClick: true, moz:windowless: false, pageLoadStrategy: normal, platformName: windows, proxy: Proxy(), se:cdp: ws://127.0.0.1:28382/devtoo..., se:cdpVersion: 85.0, setWindowRect: true, strictFileInteractability: false, timeouts: {implicit: 0, pageLoad: 300000, script: 30000}, unhandledPromptBehavior: dismiss and notify, userAgent: Mozilla/5.0 (Windows NT 10....}
Session ID: 4bcf3844-98c0-45f1-aa73-b71a7db216c8">
      <![CDATA[org.openqa.selenium.JavascriptException: Cyclic object value
Build info: version: '4.28.1', revision: '73f5ad48a2'
System info: os.name: 'Windows 11', os.arch: 'amd64', os.version: '10.0', java.version: '22.0.2'
Driver info: org.openqa.selenium.firefox.FirefoxDriver
Command: [4bcf3844-98c0-45f1-aa73-b71a7db216c8, actions {actions=[org.openqa.selenium.interactions.Sequence@4f358c8c]}]
Capabilities {acceptInsecureCerts: true, browserName: firefox, browserVersion: 135.0.1, moz:accessibilityChecks: false, moz:buildID: 20250216192613, moz:debuggerAddress: 127.0.0.1:28382, moz:geckodriverVersion: 0.35.0, moz:headless: false, moz:platformVersion: 10.0, moz:processID: 34172, moz:profile: C:\Users\pugazh\AppData\Loc..., moz:shutdownTimeout: 60000, moz:webdriverClick: true, moz:windowless: false, pageLoadStrategy: normal, platformName: windows, proxy: Proxy(), se:cdp: ws://127.0.0.1:28382/devtoo..., se:cdpVersion: 85.0, setWindowRect: true, strictFileInteractability: false, timeouts: {implicit: 0, pageLoad: 300000, script: 30000}, unhandledPromptBehavior: dismiss and notify, userAgent: Mozilla/5.0 (Windows NT 10....}
Session ID: 4bcf3844-98c0-45f1-aa73-b71a7db216c8
at org.openqa.selenium.remote.ErrorCodec.decode(ErrorCodec.java:167)
at org.openqa.selenium.remote.codec.w3c.W3CHttpResponseCodec.decode(W3CHttpResponseCodec.java:138)
at org.openqa.selenium.remote.codec.w3c.W3CHttpResponseCodec.decode(W3CHttpResponseCodec.java:50)
at org.openqa.selenium.remote.HttpCommandExecutor.execute(HttpCommandExecutor.java:215)
at org.openqa.selenium.remote.service.DriverCommandExecutor.invokeExecute(DriverCommandExecutor.java:216)
at org.openqa.selenium.remote.service.DriverCommandExecutor.execute(DriverCommandExecutor.java:174)
at org.openqa.selenium.remote.RemoteWebDriver.execute(RemoteWebDriver.java:545)
at org.openqa.selenium.remote.RemoteWebDriver.perform(RemoteWebDriver.java:631)
at org.openqa.selenium.interactions.Actions$BuiltAction.perform(Actions.java:616)
at org.openqa.selenium.interactions.Actions.perform(Actions.java:581)
at com_comcast_generic_ObjectRepositoryUtility.HomePage.logout(HomePage.java:75)
at com_comcast_crm_basetest.BaseClass.configaftermethod(BaseClass.java:73)
at java.base/java.util.ArrayList.forEach(ArrayList.java:1597)
at java.base/java.util.concurrent.FutureTask.run(FutureTask.java:317)
at java.base/java.util.concurrent.ThreadPoolExecutor.runWorker(ThreadPoolExecutor.java:1144)
at java.base/java.util.concurrent.ThreadPoolExecutor$Worker.run(ThreadPoolExecutor.java:642)
at java.base/java.lang.Thread.run(Thread.java:1570)
... Removed 23 stack frames]]>
    </failure>
  </testcase> <!-- @AfterMethod configaftermethod -->
  <testcase classname="com_comcast_crm_basetest.BaseClass" name="@BeforeMethod configbeforemethod" time="0.0">
    <skipped/>
  </testcase> <!-- @BeforeMethod configbeforemethod -->
  <testcase classname="com_comcast_crm_basetest.BaseClass" name="@AfterMethod configaftermethod" time="0.0">
    <skipped/>
  </testcase> <!-- @AfterMethod configaftermethod -->
  <testcase classname="com_comcast_crm_basetest.BaseClass" name="@BeforeMethod configbeforemethod" time="0.0">
    <skipped/>
  </testcase> <!-- @BeforeMethod configbeforemethod -->
  <testcase classname="com_comcast_crm_basetest.BaseClass" name="@AfterMethod configaftermethod" time="0.0">
    <skipped/>
  </testcase> <!-- @AfterMethod configaftermethod -->
  <testcase classname="com_comcast_crm_basetest.BaseClass" name="@AfterClass configafterclass" time="0.0">
    <skipped/>
  </testcase> <!-- @AfterClass configafterclass -->
  <testcase classname="com_comcast_crm_basetest.BaseClass" name="@AfterMethod configaftermethod" time="0.039">
    <failure type="org.openqa.selenium.JavascriptException" message="Cyclic object value
Build info: version: &amp;apos;4.28.1&amp;apos;, revision: &amp;apos;73f5ad48a2&amp;apos;
System info: os.name: &amp;apos;Windows 11&amp;apos;, os.arch: &amp;apos;amd64&amp;apos;, os.version: &amp;apos;10.0&amp;apos;, java.version: &amp;apos;22.0.2&amp;apos;
Driver info: org.openqa.selenium.firefox.FirefoxDriver
Command: [7afd53f8-d0e5-4946-a6b1-ee705e8ccca5, actions {actions=[org.openqa.selenium.interactions.Sequence@13c57dd9]}]
Capabilities {acceptInsecureCerts: true, browserName: firefox, browserVersion: 135.0.1, moz:accessibilityChecks: false, moz:buildID: 20250216192613, moz:debuggerAddress: 127.0.0.1:11336, moz:geckodriverVersion: 0.35.0, moz:headless: false, moz:platformVersion: 10.0, moz:processID: 43480, moz:profile: C:\Users\pugazh\AppData\Loc..., moz:shutdownTimeout: 60000, moz:webdriverClick: true, moz:windowless: false, pageLoadStrategy: normal, platformName: windows, proxy: Proxy(), se:cdp: ws://127.0.0.1:11336/devtoo..., se:cdpVersion: 85.0, setWindowRect: true, strictFileInteractability: false, timeouts: {implicit: 0, pageLoad: 300000, script: 30000}, unhandledPromptBehavior: dismiss and notify, userAgent: Mozilla/5.0 (Windows NT 10....}
Session ID: 7afd53f8-d0e5-4946-a6b1-ee705e8ccca5">
      <![CDATA[org.openqa.selenium.JavascriptException: Cyclic object value
Build info: version: '4.28.1', revision: '73f5ad48a2'
System info: os.name: 'Windows 11', os.arch: 'amd64', os.version: '10.0', java.version: '22.0.2'
Driver info: org.openqa.selenium.firefox.FirefoxDriver
Command: [7afd53f8-d0e5-4946-a6b1-ee705e8ccca5, actions {actions=[org.openqa.selenium.interactions.Sequence@13c57dd9]}]
Capabilities {acceptInsecureCerts: true, browserName: firefox, browserVersion: 135.0.1, moz:accessibilityChecks: false, moz:buildID: 20250216192613, moz:debuggerAddress: 127.0.0.1:11336, moz:geckodriverVersion: 0.35.0, moz:headless: false, moz:platformVersion: 10.0, moz:processID: 43480, moz:profile: C:\Users\pugazh\AppData\Loc..., moz:shutdownTimeout: 60000, moz:webdriverClick: true, moz:windowless: false, pageLoadStrategy: normal, platformName: windows, proxy: Proxy(), se:cdp: ws://127.0.0.1:11336/devtoo..., se:cdpVersion: 85.0, setWindowRect: true, strictFileInteractability: false, timeouts: {implicit: 0, pageLoad: 300000, script: 30000}, unhandledPromptBehavior: dismiss and notify, userAgent: Mozilla/5.0 (Windows NT 10....}
Session ID: 7afd53f8-d0e5-4946-a6b1-ee705e8ccca5
at org.openqa.selenium.remote.ErrorCodec.decode(ErrorCodec.java:167)
at org.openqa.selenium.remote.codec.w3c.W3CHttpResponseCodec.decode(W3CHttpResponseCodec.java:138)
at org.openqa.selenium.remote.codec.w3c.W3CHttpResponseCodec.decode(W3CHttpResponseCodec.java:50)
at org.openqa.selenium.remote.HttpCommandExecutor.execute(HttpCommandExecutor.java:215)
at org.openqa.selenium.remote.service.DriverCommandExecutor.invokeExecute(DriverCommandExecutor.java:216)
at org.openqa.selenium.remote.service.DriverCommandExecutor.execute(DriverCommandExecutor.java:174)
at org.openqa.selenium.remote.RemoteWebDriver.execute(RemoteWebDriver.java:545)
at org.openqa.selenium.remote.RemoteWebDriver.perform(RemoteWebDriver.java:631)
at org.openqa.selenium.interactions.Actions$BuiltAction.perform(Actions.java:616)
at org.openqa.selenium.interactions.Actions.perform(Actions.java:581)
at com_comcast_generic_ObjectRepositoryUtility.HomePage.logout(HomePage.java:75)
at com_comcast_crm_basetest.BaseClass.configaftermethod(BaseClass.java:73)
at java.base/java.util.ArrayList.forEach(ArrayList.java:1597)
at java.base/java.util.concurrent.FutureTask.run(FutureTask.java:317)
at java.base/java.util.concurrent.ThreadPoolExecutor.runWorker(ThreadPoolExecutor.java:1144)
at java.base/java.util.concurrent.ThreadPoolExecutor$Worker.run(ThreadPoolExecutor.java:642)
at java.base/java.lang.Thread.run(Thread.java:1570)
... Removed 23 stack frames]]>
    </failure>
  </testcase> <!-- @AfterMethod configaftermethod -->
  <testcase classname="com_comcast_crm_basetest.BaseClass" name="@BeforeMethod configbeforemethod" time="0.0">
    <skipped/>
  </testcase> <!-- @BeforeMethod configbeforemethod -->
  <testcase classname="com_comcast_crm_basetest.BaseClass" name="@AfterMethod configaftermethod" time="0.0">
    <skipped/>
  </testcase> <!-- @AfterMethod configaftermethod -->
  <testcase classname="com_comcast_crm_basetest.BaseClass" name="@BeforeMethod configbeforemethod" time="0.0">
    <skipped/>
  </testcase> <!-- @BeforeMethod configbeforemethod -->
  <testcase classname="com_comcast_crm_basetest.BaseClass" name="@AfterMethod configaftermethod" time="0.0">
    <skipped/>
  </testcase> <!-- @AfterMethod configaftermethod -->
  <testcase classname="com_comcast_crm_basetest.BaseClass" name="@AfterClass configafterclass" time="0.0">
    <skipped/>
  </testcase> <!-- @AfterClass configafterclass -->
  <testcase classname="com.comcast.crm.orgtest.testng.createorgTest2" name="createorgtest" time="7.22"/>
  <testcase classname="com.comcast.crm.orgtest.testng.createorgTest2" name="createorgtestwithIndustryType" time="0.0">
    <skipped/>
  </testcase> <!-- createorgtestwithIndustryType -->
  <testcase classname="com.comcast.crm.orgtest.testng.createorgTest2" name="createorgtestwithPhononumber" time="0.0">
    <skipped/>
  </testcase> <!-- createorgtestwithPhononumber -->
  <testcase classname="com.camcast.crm.contacttest.testng.CreateContactTest2" name="createContactTest2" time="4.35"/>
  <testcase classname="com.camcast.crm.contacttest.testng.CreateContactTest2" name="createContactwithOrgTest" time="0.0">
    <skipped/>
  </testcase> <!-- createContactwithOrgTest -->
  <testcase classname="com.camcast.crm.contacttest.testng.CreateContactTest2" name="createContactwithSupportdate" time="0.001">
    <skipped/>
  </testcase> <!-- createContactwithSupportdate -->
  <testcase classname="com_comcast_crm_basetest.BaseClass" name="@BeforeSuite configbeforesuite" time="0.0">
    <ignored/>
  </testcase> <!-- @BeforeSuite configbeforesuite -->
  <testcase classname="com_comcast_crm_basetest.BaseClass" name="@AfterSuite configaftersuite" time="0.0">
    <ignored/>
  </testcase> <!-- @AfterSuite configaftersuite -->
</testsuite> <!-- TestRunner-Firefox -->
